[2020-05-14T18:10:38.472] [DEBUG] cheese - login => username:zs,password:123456
[2020-05-14T18:10:38.476] [DEBUG] cheese - zs
[2020-05-14T18:10:38.631] [DEBUG] cheese - null
[2020-05-14T18:10:38.632] [DEBUG] cheese - null
[2020-05-14T18:11:20.144] [DEBUG] cheese - login => username:admin,password:123456
[2020-05-14T18:11:20.145] [DEBUG] cheese - admin
[2020-05-14T18:11:20.158] [DEBUG] cheese - null
[2020-05-14T18:11:20.158] [DEBUG] cheese - null
[2020-05-14T23:44:21.987] [DEBUG] cheese - login => username:amind,password:123456
[2020-05-14T23:44:21.988] [DEBUG] cheese - amind
[2020-05-14T23:44:22.656] [DEBUG] cheese - null
[2020-05-14T23:44:22.657] [DEBUG] cheese - null
[2020-05-14T23:45:47.804] [DEBUG] cheese - login => username:admin,password:123456
[2020-05-14T23:45:47.804] [DEBUG] cheese - admin
[2020-05-14T23:45:47.836] [DEBUG] cheese - null
[2020-05-14T23:45:47.836] [DEBUG] cheese - null
[2020-05-14T23:49:12.411] [DEBUG] cheese - login => username:admin,password:123456
[2020-05-14T23:49:12.411] [DEBUG] cheese - admin
[2020-05-14T23:49:12.477] [DEBUG] cheese - null
[2020-05-14T23:49:12.477] [DEBUG] cheese - null
[2020-05-14T23:51:57.989] [DEBUG] cheese - login => username:admin,password:123456
[2020-05-14T23:51:57.989] [DEBUG] cheese - admin
[2020-05-14T23:51:57.993] [DEBUG] cheese - null
[2020-05-14T23:51:57.994] [DEBUG] cheese - null
[2020-05-14T23:52:43.125] [DEBUG] cheese - login => username:dfff,password:dfffffffff
[2020-05-14T23:52:43.125] [DEBUG] cheese - dfff
[2020-05-14T23:52:43.134] [DEBUG] cheese - null
[2020-05-14T23:52:43.134] [DEBUG] cheese - null
[2020-05-14T23:59:10.846] [DEBUG] cheese - login => username:addd,password:aaaaaaaaaa
[2020-05-14T23:59:10.846] [DEBUG] cheese - addd
[2020-05-14T23:59:10.854] [DEBUG] cheese - null
[2020-05-14T23:59:10.854] [DEBUG] cheese - null
[2020-05-14T23:59:52.731] [DEBUG] cheese - login => username:admin,password:123456
[2020-05-14T23:59:52.731] [DEBUG] cheese - admin
[2020-05-14T23:59:52.751] [DEBUG] cheese - null
[2020-05-14T23:59:52.751] [DEBUG] cheese - null
[2020-05-14T23:59:59.139] [DEBUG] cheese - login => username:admin,password:123456
[2020-05-14T23:59:59.139] [DEBUG] cheese - admin
[2020-05-14T23:59:59.149] [DEBUG] cheese - null
[2020-05-14T23:59:59.150] [DEBUG] cheese - null
[2020-05-15T00:03:23.892] [DEBUG] cheese - login => username:admi,password:ddddddd
[2020-05-15T00:03:23.907] [DEBUG] cheese - admi
[2020-05-15T00:03:23.926] [DEBUG] cheese - null
[2020-05-15T00:03:23.927] [DEBUG] cheese - null
[2020-05-15T00:03:46.685] [DEBUG] cheese - login => username:admin,password:123456
[2020-05-15T00:03:46.686] [DEBUG] cheese - admin
[2020-05-15T00:03:46.725] [DEBUG] cheese - null
[2020-05-15T00:03:46.726] [DEBUG] cheese - null
[2020-05-15T00:07:52.799] [DEBUG] cheese - login => username:admin,password:123456
[2020-05-15T00:07:52.799] [DEBUG] cheese - admin
[2020-05-15T00:07:52.808] [DEBUG] cheese - null
[2020-05-15T00:07:52.808] [DEBUG] cheese - null
[2020-05-15T00:20:46.970] [DEBUG] cheese - login => username:dddd,password:ddddddddddd
[2020-05-15T00:20:46.971] [DEBUG] cheese - dddd
[2020-05-15T00:20:47.000] [DEBUG] cheese - null
[2020-05-15T00:20:47.000] [DEBUG] cheese - null
[2020-05-15T00:20:51.533] [DEBUG] cheese - login => username:dddd,password:ddddddddddd
[2020-05-15T00:20:51.533] [DEBUG] cheese - dddd
[2020-05-15T00:20:51.570] [DEBUG] cheese - null
[2020-05-15T00:20:51.570] [DEBUG] cheese - null
[2020-05-15T00:32:22.684] [DEBUG] cheese - login => username:dddd,password:ddddddddddd
[2020-05-15T00:32:22.684] [DEBUG] cheese - dddd
[2020-05-15T00:32:22.692] [DEBUG] cheese - null
[2020-05-15T00:32:22.692] [DEBUG] cheese - null
[2020-05-15T00:33:48.815] [DEBUG] cheese - login => username:admin,password:123456
[2020-05-15T00:33:48.815] [DEBUG] cheese - admin
[2020-05-15T00:33:48.847] [DEBUG] cheese - null
[2020-05-15T00:33:48.848] [DEBUG] cheese - null
[2020-05-15T00:35:25.941] [DEBUG] cheese - login => username:admin,password:123456
[2020-05-15T00:35:25.942] [DEBUG] cheese - admin
[2020-05-15T00:35:25.956] [DEBUG] cheese - null
[2020-05-15T00:35:25.956] [DEBUG] cheese - null
[2020-05-15T00:39:57.381] [DEBUG] cheese - login => username:admin,password:123456
[2020-05-15T00:39:57.382] [DEBUG] cheese - admin
[2020-05-15T00:39:57.390] [DEBUG] cheese - null
[2020-05-15T00:39:57.390] [DEBUG] cheese - null
[2020-05-15T00:46:48.620] [DEBUG] cheese - login => username:admin,password:123456
[2020-05-15T00:46:48.620] [DEBUG] cheese - admin
[2020-05-15T00:46:48.645] [DEBUG] cheese - null
[2020-05-15T00:46:48.645] [DEBUG] cheese - null
[2020-05-15T01:13:00.969] [DEBUG] cheese - login => username:admin,password:123456
[2020-05-15T01:13:00.970] [DEBUG] cheese - admin
[2020-05-15T01:13:00.977] [DEBUG] cheese - null
[2020-05-15T01:13:00.977] [DEBUG] cheese - null
[2020-05-15T01:15:12.997] [DEBUG] cheese - login => username:admin,password:123456
[2020-05-15T01:15:12.997] [DEBUG] cheese - admin
[2020-05-15T01:15:13.003] [DEBUG] cheese - null
[2020-05-15T01:15:13.003] [DEBUG] cheese - null
[2020-05-15T01:33:30.595] [DEBUG] cheese - login => username:admin,password:123456
[2020-05-15T01:33:30.595] [DEBUG] cheese - admin
[2020-05-15T01:33:30.632] [DEBUG] cheese - null
[2020-05-15T01:33:30.632] [DEBUG] cheese - null
[2020-05-15T02:21:07.545] [DEBUG] cheese - login => username:admin,password:123456
[2020-05-15T02:21:07.546] [DEBUG] cheese - admin
[2020-05-15T02:21:07.645] [DEBUG] cheese - null
[2020-05-15T02:21:07.645] [DEBUG] cheese - null
[2020-05-15T02:31:30.741] [DEBUG] cheese - login => username:admin,password:123456
[2020-05-15T02:31:30.741] [DEBUG] cheese - admin
[2020-05-15T02:31:30.750] [DEBUG] cheese - null
[2020-05-15T02:31:30.750] [DEBUG] cheese - null
[2020-05-15T03:41:33.658] [DEBUG] cheese - login => username:admin,password:123456
[2020-05-15T03:41:33.660] [DEBUG] cheese - admin
[2020-05-15T03:41:33.732] [DEBUG] cheese - null
[2020-05-15T03:41:33.732] [DEBUG] cheese - null
[2020-05-15T04:19:23.175] [DEBUG] cheese - login => username:admin,password:123456
[2020-05-15T04:19:23.176] [DEBUG] cheese - admin
[2020-05-15T04:19:23.205] [DEBUG] cheese - null
[2020-05-15T04:19:23.205] [DEBUG] cheese - null
[2020-05-15T17:39:18.142] [DEBUG] cheese - login => username:admin,password:123456
[2020-05-15T17:39:18.146] [DEBUG] cheese - admin
[2020-05-15T17:39:18.395] [DEBUG] cheese - null
[2020-05-15T17:39:18.395] [DEBUG] cheese - null
[2020-05-16T17:50:08.808] [DEBUG] cheese - login => username:admin,password:123456
[2020-05-16T17:50:08.824] [DEBUG] cheese - admin
[2020-05-16T17:50:08.859] [DEBUG] cheese - null
[2020-05-16T17:50:08.859] [DEBUG] cheese - null
[2020-05-16T17:50:35.039] [DEBUG] cheese - null
[2020-05-16T17:55:48.661] [DEBUG] cheese - null
[2020-05-16T17:56:04.445] [DEBUG] cheese - null
[2020-05-16T17:57:03.888] [DEBUG] cheese - null
[2020-05-16T18:00:19.556] [DEBUG] cheese - null
[2020-05-16T18:00:26.956] [DEBUG] cheese - null
